2022-08-17 15:12:04 error: Error in GetComments function
2022-08-17 15:13:07 error: Error in GetComments function
2022-08-17 15:13:43 error: Error in GetComments function
2022-08-17 15:14:21 error: Error in GetComments function
2022-08-17 15:15:25 error: Error in GetComments function
2022-08-17 15:16:00 error: Error in GetComments function
2022-08-17 15:18:06 error: Error in GetComments function
2022-08-17 15:18:34 error: Error in GetComments function
2022-08-17 15:19:11 error: Error in GetComments function
2022-08-17 15:19:24 error: Error in GetComments function
2022-08-17 15:21:55 error: Error in GetComments function
2022-08-17 15:22:23 error: Error in GetComments function
2022-08-17 15:22:39 error: Error in GetComments function
2022-08-17 15:24:11 error: Error in GetComments function
2022-08-17 15:29:15 error: Error in getOneAsistant function
2022-08-17 15:29:26 error: Error in getOneAsistant function
2022-08-17 15:30:32 error: Error in getOneAsistant function
2022-08-17 15:30:39 error: Error in getOneAsistant function
2022-08-17 16:53:45 error: Error in removepassword function
2022-08-20 20:30:30 error: Error in getRole function
2022-08-20 20:32:51 error: Error in getRole function
2022-08-20 21:00:48 error: Error in getRole function
2022-08-20 21:02:24 error: Error in getRole function
2022-08-20 21:03:28 error: Error in getRole function
2022-08-20 21:04:27 error: Error in getRole function
2022-08-20 21:05:01 error: Error in getRole function
2022-08-20 21:05:57 error: Error in getRole function
2022-08-20 21:06:42 error: Error in getRole function
2022-08-20 21:07:10 error: Error in getRole function
2022-08-20 21:08:04 error: Error in getRole function
2022-08-20 21:08:47 error: Error in getRole function
2022-08-20 21:08:59 error: Error in getRole function
2022-08-20 21:09:30 error: Error in getRole function
2022-08-20 21:10:01 error: Error in getRole function
2022-08-20 21:10:26 error: Error in getRole function
2022-08-20 21:11:04 error: Error in getRole function
2022-08-20 21:11:55 error: Error in getRole function
2022-08-20 21:12:10 error: Error in getRole function
2022-08-20 21:13:10 error: Error in getRole function
2022-08-20 21:14:20 error: Error in getRole function
2022-08-20 21:14:37 error: Error in getRole function
2022-08-20 21:16:00 error: Error in getRole function
2022-08-20 21:16:15 error: Error in getRole function
2022-08-20 21:16:32 error: Error in getRole function
2022-08-20 21:17:31 error: Error in getRole function
2022-08-20 21:25:04 error: Error in getRole function
2022-08-20 21:25:17 error: Error in getRole function
2022-08-20 21:26:07 error: Error in getRole function
2022-08-20 21:26:50 error: Error in getRole function
2022-08-20 21:27:01 error: Error in getRole function
2022-08-20 21:27:55 error: Error in getRole function
2022-08-20 21:30:53 error: Error in getRole function
2022-08-20 21:31:29 error: Error in getRole function
2022-08-20 22:45:20 error: Error in getRole function
2022-08-20 22:45:45 error: Error in getRole function
2022-08-20 22:46:19 error: Error in getRole function
2022-08-20 22:46:47 error: Error in getRole function
2022-08-20 22:47:46 error: Error in getRole function
2022-08-20 22:48:03 error: Error in getRole function
2022-08-20 22:48:23 error: Error in getRole function
2022-08-20 22:48:56 error: Error in getRole function
2022-08-20 23:33:26 error: Error in getRole function
2022-08-20 23:34:41 error: Error in getRole function
2022-08-20 23:36:11 error: Error in getRole function
2022-08-20 23:38:14 error: Error in getRole function
2022-08-21 00:27:55 error: Error in getRole function
2022-08-21 00:28:22 error: Error in getRole function
2022-08-21 00:30:08 error: Error in getRole function
2022-08-21 00:45:02 error: Error in getRole function
2022-08-21 00:55:14 error: Error in getRole function
2022-08-21 01:06:11 error: Error in getRole function
2022-08-21 01:15:31 error: Error in getRole function
2022-08-21 01:16:22 error: Error in getRole function
2022-08-21 01:26:26 error: Error in getRole function
2022-08-21 02:18:33 error: Error in getRole function
2022-08-21 22:41:20 error: Error in getRole function
2022-08-21 22:44:47 error: Error in getDialog function
2022-08-21 22:46:26 error: Error in getDialog function
2022-08-21 22:49:50 error: Error in getDialog function
2022-08-21 22:50:35 error: Error in getDialog function
2022-08-21 22:51:15 error: Error in getDialog function
2022-08-21 22:51:31 error: Error in getDialog function
2022-08-21 23:16:44 error: Error in getDialog function
2022-08-22 00:00:43 error: Error in getDialog function
2022-08-22 00:13:18 error: Error in getDialog function
2022-08-22 01:01:32 error: Error in getDialog function
2022-08-22 15:52:01 error: Error in getDialog function
2022-08-22 15:54:19 error: Error in getDialog function
2022-08-22 15:56:08 error: Error in getDialog function
2022-08-22 16:02:18 error: Error in getDialog function
2022-08-22 16:02:48 error: Error in getDialog function
2022-08-22 16:03:37 error: Error in getDialog function
2022-08-22 16:03:59 error: Error in getDialog function
2022-08-22 16:05:54 error: Error in getDialog function
2022-08-22 16:09:05 error: Error in getRole function
2022-08-22 16:09:06 error: Error in getRole function
2022-08-22 16:09:19 error: Error in getDialog function
2022-08-22 16:10:49 error: Error in getDialog function
2022-08-22 16:10:59 error: Error in getDialog function
2022-08-22 16:11:23 error: Error in getDialog function
2022-08-22 16:11:44 error: Error in getDialog function
2022-08-22 16:13:11 error: Error in getDialog function
2022-08-22 16:14:45 error: Error in getDialog function
2022-08-22 16:16:11 error: Error in getDialog function
2022-08-22 16:16:27 error: Error in getDialog function
2022-08-22 16:18:12 error: Error in getRole function
2022-08-22 16:21:36 error: Error in getAsistPerson function
2022-08-22 16:21:36 error: Error in getNeedHelpPerson function
2022-08-22 16:21:51 error: Error in getRole function
2022-08-22 16:21:54 error: Error in getAsistPerson function
2022-08-22 16:21:54 error: Error in getNeedHelpPerson function
2022-08-22 16:23:09 error: Error in getAsistPerson function
2022-08-22 16:23:09 error: Error in getNeedHelpPerson function
2022-08-22 16:24:34 error: Error in getAsistPerson function
2022-08-22 16:24:34 error: Error in getNeedHelpPerson function
2022-08-22 16:24:58 error: Error in getAsistPerson function
2022-08-22 16:24:58 error: Error in getNeedHelpPerson function
2022-08-22 16:25:36 error: Error in getNeedHelpPerson function
2022-08-22 16:25:36 error: Error in getAsistPerson function
2022-08-22 16:26:10 error: Error in getAsistPerson function
2022-08-22 16:26:10 error: Error in getNeedHelpPerson function
2022-08-22 16:26:14 error: Error in getAsistPerson function
2022-08-22 16:26:14 error: Error in getNeedHelpPerson function
2022-08-22 16:26:31 error: Error in getAsistPerson function
2022-08-22 16:26:31 error: Error in getNeedHelpPerson function
2022-08-22 16:26:54 error: Error in getAsistPerson function
2022-08-22 16:26:54 error: Error in getNeedHelpPerson function
2022-08-22 16:30:24 error: Error in getDialog function
2022-08-22 16:43:35 error: Error in getDialog function
2022-08-22 17:32:44 error: Error in getRole function
2022-08-22 17:32:54 error: Error in getRole function
2022-08-22 17:35:03 error: Error in getRole function
2022-08-22 17:35:21 error: Error in getRole function
2022-08-22 17:36:26 error: Error in getRole function
2022-08-22 17:36:38 error: Error in getRole function
2022-08-22 17:36:47 error: Error in getRole function
2022-08-22 17:40:49 error: Error in getRole function
2022-08-22 17:41:11 error: Error in getRole function
2022-08-22 17:41:18 error: Error in getRole function
2022-08-22 17:41:41 error: Error in getRole function
2022-08-22 17:42:17 error: Error in getRole function
2022-08-22 17:42:29 error: Error in getRole function
2022-08-22 17:42:59 error: Error in getRole function
2022-08-22 17:44:08 error: Error in getRole function
2022-08-22 17:45:45 error: Error in getRole function
2022-08-22 17:46:24 error: Error in getRole function
2022-08-22 17:49:49 error: Error in getRole function
2022-08-22 17:56:21 error: Error in getRole function
2022-08-22 18:03:01 error: Error in getRole function
2022-08-22 18:04:09 error: Error in getRole function
2022-08-22 18:04:42 error: Error in getRole function
2022-08-22 18:06:18 error: Error in allDialogs function
2022-08-22 18:06:56 error: Error in allDialogs function
2022-08-22 18:07:19 error: Error in allDialogs function
2022-08-22 18:07:43 error: Error in allDialogs function
2022-08-22 18:10:03 error: Error in allDialogs function
2022-08-22 18:11:07 error: Error in allDialogs function
2022-08-22 18:11:36 error: Error in allDialogs function
2022-08-22 18:11:50 error: Error in allDialogs function
2022-08-22 18:13:30 error: Error in allDialogs function
2022-08-22 18:13:41 error: Error in allDialogs function
2022-08-22 18:13:49 error: Error in allDialogs function
2022-08-22 18:14:06 error: Error in allDialogs function
2022-08-22 18:14:18 error: Error in allDialogs function
2022-08-22 18:14:34 error: Error in allDialogs function
2022-08-22 18:14:53 error: Error in allDialogs function
2022-08-22 18:15:25 error: Error in allDialogs function
2022-08-22 18:15:58 error: Error in allDialogs function
2022-08-22 18:16:04 error: Error in allDialogs function
2022-08-22 18:19:44 error: Error in allDialogs function
2022-08-22 18:20:00 error: Error in allDialogs function
2022-08-22 18:20:08 error: Error in allDialogs function
2022-08-22 18:20:23 error: Error in allDialogs function
2022-08-22 18:20:36 error: Error in allDialogs function
2022-08-22 18:27:40 error: Error in allDialogs function
2022-08-22 18:27:53 error: Error in allDialogs function
2022-08-22 18:28:37 error: Error in allDialogs function
2022-08-22 18:28:51 error: Error in allDialogs function
2022-08-22 19:34:04 error: Error in allDialogs function
2022-08-22 19:34:39 error: Error in allDialogs function
2022-08-22 19:35:04 error: Error in allDialogs function
2022-08-22 19:35:15 error: Error in allDialogs function
2022-08-22 19:35:53 error: Error in allDialogs function
2022-08-22 19:37:31 error: Error in allDialogs function
2022-08-22 19:38:01 error: Error in allDialogs function
2022-08-22 19:41:32 error: Error in allDialogs function
2022-08-22 19:43:22 error: Error in allDialogs function
2022-08-22 19:43:55 error: Error in allDialogs function
2022-08-22 19:44:20 error: Error in allDialogs function
2022-08-22 19:44:29 error: Error in allDialogs function
2022-08-22 19:44:45 error: Error in allDialogs function
2022-08-22 19:44:59 error: Error in allDialogs function
2022-08-22 19:45:10 error: Error in allDialogs function
2022-08-22 19:45:33 error: Error in allDialogs function
2022-08-22 19:47:25 error: Error in allDialogs function
2022-08-22 19:48:45 error: Error in allDialogs function
2022-08-22 19:49:26 error: Error in allDialogs function
2022-08-22 19:49:38 error: Error in allDialogs function
2022-08-22 19:53:32 error: Error in allDialogs function
2022-08-22 19:53:57 error: Error in allDialogs function
2022-08-22 19:54:06 error: Error in allDialogs function
2022-08-22 19:54:55 error: Error in allDialogs function
2022-08-22 19:55:18 error: Error in allDialogs function
2022-08-22 19:55:36 error: Error in allDialogs function
2022-08-22 19:55:55 error: Error in allDialogs function
2022-08-22 20:06:36 error: Error in allDialogs function
2022-08-22 20:06:58 error: Error in allDialogs function
2022-08-22 20:07:14 error: Error in allDialogs function
2022-08-22 20:07:34 error: Error in allDialogs function
2022-08-22 20:07:51 error: Error in allDialogs function
2022-08-22 20:08:10 error: Error in allDialogs function
2022-08-22 20:08:27 error: Error in allDialogs function
2022-08-22 20:08:41 error: Error in allDialogs function
2022-08-22 20:09:01 error: Error in allDialogs function
2022-08-22 20:09:19 error: Error in allDialogs function
2022-08-22 20:10:08 error: Error in allDialogs function
2022-08-22 20:31:23 error: Error in getDialog function
2022-08-22 20:32:37 error: Error in allDialogs function
2022-08-22 20:33:11 error: Error in allDialogs function
2022-08-22 20:33:24 error: Error in allDialogs function
2022-08-22 20:33:33 error: Error in allDialogs function
2022-08-22 20:40:56 error: Error in getDialog function
2022-08-22 20:41:22 error: Error in allDialogs function
2022-08-22 20:41:24 error: Error in allDialogs function
2022-08-22 20:43:42 error: Error in allDialogs function
2022-08-22 20:45:02 error: Error in getDialog function
2022-08-22 20:47:52 error: Error in allDialogs function
2022-08-22 20:48:05 error: Error in allDialogs function
2022-08-22 20:48:22 error: Error in allDialogs function
2022-08-22 20:48:48 error: Error in allDialogs function
2022-08-22 20:51:02 error: Error in allDialogs function
2022-08-22 20:51:12 error: Error in allDialogs function
2022-08-22 20:54:59 error: Error in allDialogs function
2022-08-22 20:56:19 error: Error in allDialogs function
2022-08-22 20:59:35 error: Error in getDialog function
2022-08-23 00:14:32 error: Error in getAllPointHelp function
2022-08-23 00:14:33 error: Error in getAllPointHelp function
2022-08-23 00:14:34 error: Error in getAllPointHelp function
2022-08-23 00:14:34 error: Error in getAllPointHelp function
2022-08-23 00:14:38 error: Error in getAllPointHelp function
2022-08-23 00:14:38 error: Error in getAllPointHelp function
2022-08-23 00:14:42 error: Error in getAllPointHelp function
2022-08-23 00:14:42 error: Error in getAllPointHelp function
2022-08-23 00:17:14 error: Error in getAllPointHelp function
2022-08-23 00:17:14 error: Error in getAllPointHelp function
2022-08-23 00:17:51 error: Error in getAllPointHelp function
2022-08-23 00:17:54 error: Error in getAllPointHelp function
2022-08-23 00:19:15 error: Error in getAllPointHelp function
2022-08-23 00:20:14 error: Error in getAllPointHelp function
2022-08-23 00:20:14 error: Error in getAllPointHelp function
2022-08-23 00:25:01 error: Error in getAllPointHelp function
2022-08-23 00:25:01 error: Error in getAllPointHelp function
2022-08-23 16:39:22 error: Error in allDialogs function
2022-08-23 16:39:25 error: Error in allDialogs function
2022-08-23 16:39:29 error: Error in getDialog function
2022-08-23 16:57:02 error: Error in allDialogs function
2022-08-23 16:57:11 error: Error in allDialogs function
2022-08-23 17:01:35 error: Error in allDialogs function
2022-08-23 17:13:02 error: Error in getAllPointHelp function
2022-08-23 17:13:03 error: Error in getAllPointHelp function
2022-08-23 17:21:55 error: Error in removepassword function
2022-08-23 17:22:41 error: Error in removepassword function
2022-08-23 17:22:50 error: Error in removepassword function
2022-08-23 17:23:54 error: Error in removepassword function
2022-08-23 17:25:15 error: Error in removepassword function
2022-08-23 17:26:28 error: Error in removepassword function
2022-08-23 17:26:36 error: Error in removepassword function
2022-08-23 17:26:45 error: Error in removepassword function
2022-08-23 17:27:56 error: Error in removepassword function
2022-08-23 17:28:53 error: Error in removepassword function
2022-08-23 17:29:11 error: Error in removepassword function
2022-08-23 17:30:03 error: Error in removepassword function
2022-08-23 17:30:22 error: Error in removepassword function
2022-08-23 17:32:50 error: Error in removepassword function
2022-08-23 17:33:18 error: Error in removepassword function
2022-08-23 17:42:36 error: Error in removepassword function
2022-08-23 18:07:16 error: Error in getAllPointHelp function
2022-08-23 18:07:16 error: Error in getAllPointHelp function
2022-08-23 18:07:21 error: Error in getAllPointHelp function
2022-08-23 18:07:21 error: Error in getAllPointHelp function
2022-08-23 18:07:23 error: Error in getAllPointHelp function
2022-08-23 18:07:23 error: Error in getAllPointHelp function
2022-08-23 18:09:19 error: Error in getAllPointHelp function
2022-08-23 18:09:19 error: Error in getAllPointHelp function
2022-08-23 19:13:31 error: Error in getAllNeedHelp function
2022-08-23 19:13:32 error: Error in getAllNeedHelp function
2022-08-23 19:13:34 error: Error in getAllNeedHelp function
2022-08-23 19:13:34 error: Error in getAllNeedHelp function
2022-08-23 19:13:42 error: Error in getAllNeedHelp function
2022-08-23 19:13:42 error: Error in getAllNeedHelp function
2022-08-23 19:17:21 error: Error in getAllNeedHelp function
2022-08-23 19:17:26 error: Error in getAllNeedHelp function
2022-08-23 19:17:26 error: Error in getAllNeedHelp function
2022-08-23 19:21:17 error: Error in getAllNeedHelp function
2022-08-23 19:21:17 error: Error in getAllNeedHelp function
2022-08-23 19:21:30 error: Error in getAllNeedHelp function
2022-08-23 19:21:30 error: Error in getAllNeedHelp function
2022-08-23 19:21:56 error: Error in getAllNeedHelp function
2022-08-23 19:21:56 error: Error in getAllNeedHelp function
2022-08-23 19:21:59 error: Error in getAllNeedHelp function
2022-08-23 19:21:59 error: Error in getAllNeedHelp function
2022-08-23 19:30:12 error: Error in getAllPointHelp function
2022-08-23 19:30:12 error: Error in getAllPointHelp function
2022-08-23 19:30:13 error: Error in getAllPointHelp function
2022-08-23 19:30:13 error: Error in getAllPointHelp function
2022-08-23 19:30:13 error: Error in getAllPointHelp function
2022-08-23 19:30:13 error: Error in getAllPointHelp function
2022-08-23 19:34:14 error: Error in getAllPointHelp function
2022-08-23 19:34:14 error: Error in getAllPointHelp function
2022-08-23 20:21:03 error: Error in GetComments function
2022-08-23 20:21:55 error: Error in GetComments function
2022-08-23 20:22:22 error: Error in GetComments function
2022-08-23 20:26:50 error: Error in GetComments function
2022-08-23 20:27:13 error: Error in GetComments function
2022-08-23 20:27:29 error: Error in GetComments function
2022-08-23 20:27:42 error: Error in GetComments function
